<?xml version="1.0" encoding="UTF-8"?>
<!-- Generated by org.testng.reporters.JUnitReportReporter -->
<testsuite skipped="0" hostname="rokin-SVE1512M1EW" name="TestTest" tests="1" failures="0" timestamp="11 Nov 2016 12:09:26 GMT" time="0.012" errors="0">
  <testcase name="f" time="0.012" classname="TestTest"/>
</testsuite> <!-- TestTest -->
